<?xml version="1.0" encoding="UTF-8"?>
<!-- Generated by org.testng.reporters.JUnitXMLReporter -->
<testsuite hostname="LAPTOP-N0G0NBDP" ignored="0" name="Default test" tests="3" failures="0" timestamp="16 Feb 2021 03:23:13 GMT" time="24.961" errors="0">
  <testcase name="WikisearchboxTest" time="3.635" classname="com.qa.testcases.TestCase1"/>
  <testcase name="WikiMainPageTest" time="4.343" classname="com.qa.testcases.TestCase1"/>
  <testcase name="ISTest" time="5.391" classname="com.qa.testcases.TestCase1"/>
</testsuite> <!-- Default test -->
