<?xml version="1.0" encoding="UTF-8"?>
<!-- Generated by org.testng.reporters.JUnitXMLReporter -->
<testsuite hostname="LAPTOP-N0G0NBDP" ignored="0" name="FunctionTesting" tests="3" failures="0" timestamp="16 Feb 2021 03:39:28 GMT" time="22.324" errors="0">
  <testcase name="WikisearchboxTest" time="3.521" classname="com.qa.testcases.TestCase1"/>
  <testcase name="WikiMainPageTest" time="4.173" classname="com.qa.testcases.TestCase1"/>
  <testcase name="ISTest" time="5.691" classname="com.qa.testcases.TestCase1"/>
</testsuite> <!-- FunctionTesting -->
