<?xml version="1.0" encoding="UTF-8"?>
<!-- Generated by org.testng.reporters.JUnitXMLReporter -->
<testsuite hostname="LAPTOP-N0G0NBDP" ignored="0" name="FunctionTesting" tests="3" failures="0" timestamp="16 Feb 2021 03:29:42 GMT" time="22.82" errors="0">
  <testcase name="WikisearchboxTest" time="4.167" classname="com.qa.testcases.TestCase1"/>
  <testcase name="WikiMainPageTest" time="3.951" classname="com.qa.testcases.TestCase1"/>
  <testcase name="ISTest" time="5.606" classname="com.qa.testcases.TestCase1"/>
</testsuite> <!-- FunctionTesting -->
