<?xml version="1.0" encoding="UTF-8"?>
<testng-results skipped="0" failed="0" ignored="0" total="3" passed="3">
  <reporter-output>
  </reporter-output>
  <suite name="SeleniumTraining" duration-ms="22324" started-at="2021-02-16T03:39:06Z" finished-at="2021-02-16T03:39:28Z">
    <groups>
    </groups>
    <test name="FunctionTesting" duration-ms="22324" started-at="2021-02-16T03:39:06Z" finished-at="2021-02-16T03:39:28Z">
      <class name="com.qa.testcases.TestCase1">
        <test-method status="PASS" signature="config()[pri:0, instance:com.qa.testcases.TestCase1@19b62af]" name="config" is-config="true" duration-ms="8364" started-at="2021-02-16T03:39:06Z" finished-at="2021-02-16T03:39:14Z">
          <reporter-output>
          </reporter-output>
        </test-method> <!-- config -->
        <test-method status="PASS" signature="WikisearchboxTest()[pri:49, instance:com.qa.testcases.TestCase1@19b62af]" name="WikisearchboxTest" duration-ms="3521" started-at="2021-02-16T03:39:15Z" finished-at="2021-02-16T03:39:18Z">
          <reporter-output>
          </reporter-output>
        </test-method> <!-- WikisearchboxTest -->
        <test-method status="PASS" signature="WikiMainPageTest()[pri:50, instance:com.qa.testcases.TestCase1@19b62af]" name="WikiMainPageTest" duration-ms="4173" started-at="2021-02-16T03:39:18Z" finished-at="2021-02-16T03:39:22Z">
          <reporter-output>
          </reporter-output>
        </test-method> <!-- WikiMainPageTest -->
        <test-method status="PASS" signature="ISTest()[pri:51, instance:com.qa.testcases.TestCase1@19b62af]" name="ISTest" duration-ms="5691" started-at="2021-02-16T03:39:22Z" finished-at="2021-02-16T03:39:28Z">
          <reporter-output>
          </reporter-output>
        </test-method> <!-- ISTest -->
        <test-method status="PASS" signature="closebrowser()[pri:0, instance:com.qa.testcases.TestCase1@19b62af]" name="closebrowser" is-config="true" duration-ms="535" started-at="2021-02-16T03:39:28Z" finished-at="2021-02-16T03:39:28Z">
          <reporter-output>
          </reporter-output>
        </test-method> <!-- closebrowser -->
      </class> <!-- com.qa.testcases.TestCase1 -->
    </test> <!-- FunctionTesting -->
  </suite> <!-- SeleniumTraining -->
</testng-results>
